This is pdfTeX, Version 3.14159265-2.6-1.40.18 (TeX Live 2017) (preloaded format=pdflatex 2017.5.23)  20 FEB 2018 16:01
entering extended mode
 restricted \write18 enabled.
 %&-line parsing enabled.
**RPE.tex
(./RPE.tex
LaTeX2e <2017-04-15>
Babel <3.10> and hyphenation patterns for 84 language(s) loaded.
(/usr/local/texlive/2017/texmf-dist/tex/latex/base/article.cls
Document Class: article 2014/09/29 v1.4h Standard LaTeX document class
(/usr/local/texlive/2017/texmf-dist/tex/latex/base/size11.clo
File: size11.clo 2014/09/29 v1.4h Standard LaTeX file (size option)
)
\c@part=\count79
\c@section=\count80
\c@subsection=\count81
\c@subsubsection=\count82
\c@paragraph=\count83
\c@subparagraph=\count84
\c@figure=\count85
\c@table=\count86
\abovecaptionskip=\skip41
\belowcaptionskip=\skip42
\bibindent=\dimen102
)
(/usr/local/texlive/2017/texmf-dist/tex/latex/geometry/geometry.sty
Package: geometry 2010/09/12 v5.6 Page Geometry

(/usr/local/texlive/2017/texmf-dist/tex/latex/graphics/keyval.sty
Package: keyval 2014/10/28 v1.15 key=value parser (DPC)
\KV@toks@=\toks14
)
(/usr/local/texlive/2017/texmf-dist/tex/generic/oberdiek/ifpdf.sty
Package: ifpdf 2017/03/15 v3.2 Provides the ifpdf switch
)
(/usr/local/texlive/2017/texmf-dist/tex/generic/oberdiek/ifvtex.sty
Package: ifvtex 2016/05/16 v1.6 Detect VTeX and its facilities (HO)
Package ifvtex Info: VTeX not detected.
)
(/usr/local/texlive/2017/texmf-dist/tex/generic/ifxetex/ifxetex.sty
Package: ifxetex 2010/09/12 v0.6 Provides ifxetex conditional
)
\Gm@cnth=\count87
\Gm@cntv=\count88
\c@Gm@tempcnt=\count89
\Gm@bindingoffset=\dimen103
\Gm@wd@mp=\dimen104
\Gm@odd@mp=\dimen105
\Gm@even@mp=\dimen106
\Gm@layoutwidth=\dimen107
\Gm@layoutheight=\dimen108
\Gm@layouthoffset=\dimen109
\Gm@layoutvoffset=\dimen110
\Gm@dimlist=\toks15
)
(/usr/local/texlive/2017/texmf-dist/tex/latex/amsmath/amsmath.sty
Package: amsmath 2016/11/05 v2.16a AMS math features
\@mathmargin=\skip43

For additional information on amsmath, use the `?' option.
(/usr/local/texlive/2017/texmf-dist/tex/latex/amsmath/amstext.sty
Package: amstext 2000/06/29 v2.01 AMS text

(/usr/local/texlive/2017/texmf-dist/tex/latex/amsmath/amsgen.sty
File: amsgen.sty 1999/11/30 v2.0 generic functions
\@emptytoks=\toks16
\ex@=\dimen111
))
(/usr/local/texlive/2017/texmf-dist/tex/latex/amsmath/amsbsy.sty
Package: amsbsy 1999/11/29 v1.2d Bold Symbols
\pmbraise@=\dimen112
)
(/usr/local/texlive/2017/texmf-dist/tex/latex/amsmath/amsopn.sty
Package: amsopn 2016/03/08 v2.02 operator names
)
\inf@bad=\count90
LaTeX Info: Redefining \frac on input line 213.
\uproot@=\count91
\leftroot@=\count92
LaTeX Info: Redefining \overline on input line 375.
\classnum@=\count93
\DOTSCASE@=\count94
LaTeX Info: Redefining \ldots on input line 472.
LaTeX Info: Redefining \dots on input line 475.
LaTeX Info: Redefining \cdots on input line 596.
\Mathstrutbox@=\box26
\strutbox@=\box27
\big@size=\dimen113
LaTeX Font Info:    Redeclaring font encoding OML on input line 712.
LaTeX Font Info:    Redeclaring font encoding OMS on input line 713.
\macc@depth=\count95
\c@MaxMatrixCols=\count96
\dotsspace@=\muskip10
\c@parentequation=\count97
\dspbrk@lvl=\count98
\tag@help=\toks17
\row@=\count99
\column@=\count100
\maxfields@=\count101
\andhelp@=\toks18
\eqnshift@=\dimen114
\alignsep@=\dimen115
\tagshift@=\dimen116
\tagwidth@=\dimen117
\totwidth@=\dimen118
\lineht@=\dimen119
\@envbody=\toks19
\multlinegap=\skip44
\multlinetaggap=\skip45
\mathdisplay@stack=\toks20
LaTeX Info: Redefining \[ on input line 2817.
LaTeX Info: Redefining \] on input line 2818.
)
(/usr/local/texlive/2017/texmf-dist/tex/latex/tools/bm.sty
Package: bm 2017/01/16 v1.2c Bold Symbol Support (DPC/FMi)
\symboldoperators=\mathgroup4
\symboldletters=\mathgroup5
\symboldsymbols=\mathgroup6
LaTeX Font Info:    Redeclaring math alphabet \mathbf on input line 141.
LaTeX Info: Redefining \bm on input line 207.
)
(/usr/local/texlive/2017/texmf-dist/tex/latex/graphics/graphicx.sty
Package: graphicx 2014/10/28 v1.0g Enhanced LaTeX Graphics (DPC,SPQR)

(/usr/local/texlive/2017/texmf-dist/tex/latex/graphics/graphics.sty
Package: graphics 2017/04/14 v1.1b Standard LaTeX Graphics (DPC,SPQR)

(/usr/local/texlive/2017/texmf-dist/tex/latex/graphics/trig.sty
Package: trig 2016/01/03 v1.10 sin cos tan (DPC)
)
(/usr/local/texlive/2017/texmf-dist/tex/latex/graphics-cfg/graphics.cfg
File: graphics.cfg 2016/06/04 v1.11 sample graphics configuration
)
Package graphics Info: Driver file: pdftex.def on input line 99.

(/usr/local/texlive/2017/texmf-dist/tex/latex/graphics-def/pdftex.def
File: pdftex.def 2017/01/12 v0.06k Graphics/color for pdfTeX

(/usr/local/texlive/2017/texmf-dist/tex/generic/oberdiek/infwarerr.sty
Package: infwarerr 2016/05/16 v1.4 Providing info/warning/error messages (HO)
)
(/usr/local/texlive/2017/texmf-dist/tex/generic/oberdiek/ltxcmds.sty
Package: ltxcmds 2016/05/16 v1.23 LaTeX kernel commands for general use (HO)
)
\Gread@gobject=\count102
))
\Gin@req@height=\dimen120
\Gin@req@width=\dimen121
)
(/usr/local/texlive/2017/texmf-dist/tex/latex/algorithm2e/algorithm2e.sty
Package: algorithm2e 2013/01/06 v5.00 algorithms environments
\c@AlgoLine=\count103

(/usr/local/texlive/2017/texmf-dist/tex/latex/base/ifthen.sty
Package: ifthen 2014/09/29 v1.1c Standard LaTeX ifthen package (DPC)
)
\algocf@hangindent=\skip46

(/usr/local/texlive/2017/texmf-dist/tex/latex/tools/xspace.sty
Package: xspace 2014/10/28 v1.13 Space after command names (DPC,MH)
)
(/usr/local/texlive/2017/texmf-dist/tex/latex/relsize/relsize.sty
Package: relsize 2013/03/29 ver 4.1
)
********************************************************
Package `algorithm2e' Release 5.1 -- october 19 2015 --
- algorithm2e-announce@lirmm.fr mailing list for announcement about releases
- algorithm2e-discussion@lirmm.fr mailing list for discussion about package
subscribe by emailing sympa@lirmm.fr with 'subscribe <list> <firstname name>'
- Author: Christophe Fiorio (christophe.fiorio@umontpellier.fr)
********************************************************
\skiptotal=\skip47
\skiplinenumber=\skip48
\skiprule=\skip49
\skiphlne=\skip50
\skiptext=\skip51
\skiplength=\skip52
\algomargin=\skip53
\skipalgocfslide=\skip54
\algowidth=\dimen122
\inoutsize=\dimen123
\inoutindent=\dimen124
\interspacetitleruled=\dimen125
\interspacealgoruled=\dimen126
\interspacetitleboxruled=\dimen127
\algocf@ruledwidth=\skip55
\algocf@inoutbox=\box28
\algocf@inputbox=\box29
\AlCapSkip=\skip56
\AlCapHSkip=\skip57
\algoskipindent=\skip58
\algocf@nlbox=\box30
\algocf@hangingbox=\box31
\algocf@untilbox=\box32
\algocf@skipuntil=\skip59
\algocf@capbox=\box33
\algoheightruledefault=\skip60
\algoheightrule=\skip61
\algotitleheightruledefault=\skip62
\algotitleheightrule=\skip63
\c@algocfline=\count104
\c@algocfproc=\count105
\c@algocf=\count106
\algocf@algoframe=\box34
\algocf@algobox=\box35
) (/usr/local/texlive/2017/texmf-dist/tex/latex/mdframed/mdframed.sty
Package: mdframed 2013/07/01 1.9b: mdframed

(/usr/local/texlive/2017/texmf-dist/tex/latex/oberdiek/kvoptions.sty
Package: kvoptions 2016/05/16 v3.12 Key value format for package options (HO)

(/usr/local/texlive/2017/texmf-dist/tex/generic/oberdiek/kvsetkeys.sty
Package: kvsetkeys 2016/05/16 v1.17 Key value parser (HO)

(/usr/local/texlive/2017/texmf-dist/tex/generic/oberdiek/etexcmds.sty
Package: etexcmds 2016/05/16 v1.6 Avoid name clashes with e-TeX commands (HO)

(/usr/local/texlive/2017/texmf-dist/tex/generic/oberdiek/ifluatex.sty
Package: ifluatex 2016/05/16 v1.4 Provides the ifluatex switch (HO)
Package ifluatex Info: LuaTeX not detected.
)
Package etexcmds Info: Could not find \expanded.
(etexcmds)             That can mean that you are not using pdfTeX 1.50 or
(etexcmds)             that some package has redefined \expanded.
(etexcmds)             In the latter case, load this package earlier.
)))
(/usr/local/texlive/2017/texmf-dist/tex/latex/l3packages/xparse/xparse.sty
(/usr/local/texlive/2017/texmf-dist/tex/latex/l3kernel/expl3.sty
Package: expl3 2017/05/13 L3 programming layer (loader) 

(/usr/local/texlive/2017/texmf-dist/tex/latex/l3kernel/expl3-code.tex
Package: expl3 2017/05/13 L3 programming layer (code)
\c_max_int=\count107
\l_tmpa_int=\count108
\l_tmpb_int=\count109
\g_tmpa_int=\count110
\g_tmpb_int=\count111
\g__prg_map_int=\count112
\c_log_iow=\count113
\l_iow_line_count_int=\count114
\l__iow_line_target_int=\count115
\l__iow_one_indent_int=\count116
\l__iow_indent_int=\count117
\c_zero_dim=\dimen128
\c_max_dim=\dimen129
\l_tmpa_dim=\dimen130
\l_tmpb_dim=\dimen131
\g_tmpa_dim=\dimen132
\g_tmpb_dim=\dimen133
\c_zero_skip=\skip64
\c_max_skip=\skip65
\l_tmpa_skip=\skip66
\l_tmpb_skip=\skip67
\g_tmpa_skip=\skip68
\g_tmpb_skip=\skip69
\c_zero_muskip=\muskip11
\c_max_muskip=\muskip12
\l_tmpa_muskip=\muskip13
\l_tmpb_muskip=\muskip14
\g_tmpa_muskip=\muskip15
\g_tmpb_muskip=\muskip16
\l_keys_choice_int=\count118
\c__fp_leading_shift_int=\count119
\c__fp_middle_shift_int=\count120
\c__fp_trailing_shift_int=\count121
\c__fp_big_leading_shift_int=\count122
\c__fp_big_middle_shift_int=\count123
\c__fp_big_trailing_shift_int=\count124
\c__fp_Bigg_leading_shift_int=\count125
\c__fp_Bigg_middle_shift_int=\count126
\c__fp_Bigg_trailing_shift_int=\count127
\c__fp_rand_size_int=\count128
\c__fp_rand_four_int=\count129
\c__fp_rand_eight_int=\count130
\l__sort_length_int=\count131
\l__sort_min_int=\count132
\l__sort_top_int=\count133
\l__sort_max_int=\count134
\l__sort_true_max_int=\count135
\l__sort_block_int=\count136
\l__sort_begin_int=\count137
\l__sort_end_int=\count138
\l__sort_A_int=\count139
\l__sort_B_int=\count140
\l__sort_C_int=\count141
\c_empty_box=\box36
\l_tmpa_box=\box37
\l_tmpb_box=\box38
\g_tmpa_box=\box39
\g_tmpb_box=\box40
\l__box_top_dim=\dimen134
\l__box_bottom_dim=\dimen135
\l__box_left_dim=\dimen136
\l__box_right_dim=\dimen137
\l__box_top_new_dim=\dimen138
\l__box_bottom_new_dim=\dimen139
\l__box_left_new_dim=\dimen140
\l__box_right_new_dim=\dimen141
\l__box_internal_box=\box41
\l__coffin_internal_box=\box42
\l__coffin_internal_dim=\dimen142
\l__coffin_offset_x_dim=\dimen143
\l__coffin_offset_y_dim=\dimen144
\l__coffin_x_dim=\dimen145
\l__coffin_y_dim=\dimen146
\l__coffin_x_prime_dim=\dimen147
\l__coffin_y_prime_dim=\dimen148
\c_empty_coffin=\box43
\l__coffin_aligned_coffin=\box44
\l__coffin_aligned_internal_coffin=\box45
\l_tmpa_coffin=\box46
\l_tmpb_coffin=\box47
\l__coffin_display_coffin=\box48
\l__coffin_display_coord_coffin=\box49
\l__coffin_display_pole_coffin=\box50
\l__coffin_display_offset_dim=\dimen149
\l__coffin_display_x_dim=\dimen150
\l__coffin_display_y_dim=\dimen151
\l__coffin_bounding_shift_dim=\dimen152
\l__coffin_left_corner_dim=\dimen153
\l__coffin_right_corner_dim=\dimen154
\l__coffin_bottom_corner_dim=\dimen155
\l__coffin_top_corner_dim=\dimen156
\l__coffin_scaled_total_height_dim=\dimen157
\l__coffin_scaled_width_dim=\dimen158
)
(/usr/local/texlive/2017/texmf-dist/tex/latex/l3kernel/l3pdfmode.def
File: l3pdfmode.def 2017/03/18 v L3 Experimental driver: PDF mode
\l__driver_color_stack_int=\count142
\l__driver_tmp_box=\box51
))
Package: xparse 2017/05/13 L3 Experimental document command parser
\l__xparse_current_arg_int=\count143
\g__xparse_grabber_int=\count144
\l__xparse_m_args_int=\count145
\l__xparse_mandatory_args_int=\count146
\l__xparse_v_nesting_int=\count147
)
(/usr/local/texlive/2017/texmf-dist/tex/latex/etoolbox/etoolbox.sty
Package: etoolbox 2017/01/02 v2.4 e-TeX tools for LaTeX (JAW)
\etb@tempcnta=\count148
)
(/usr/local/texlive/2017/texmf-dist/tex/latex/oberdiek/zref-abspage.sty
Package: zref-abspage 2016/05/21 v2.26 Module abspage for zref (HO)

(/usr/local/texlive/2017/texmf-dist/tex/latex/oberdiek/zref-base.sty
Package: zref-base 2016/05/21 v2.26 Module base for zref (HO)

(/usr/local/texlive/2017/texmf-dist/tex/generic/oberdiek/kvdefinekeys.sty
Package: kvdefinekeys 2016/05/16 v1.4 Define keys (HO)
)
(/usr/local/texlive/2017/texmf-dist/tex/generic/oberdiek/pdftexcmds.sty
Package: pdftexcmds 2017/03/19 v0.25 Utility functions of pdfTeX for LuaTeX (HO
)
Package pdftexcmds Info: LuaTeX not detected.
Package pdftexcmds Info: \pdf@primitive is available.
Package pdftexcmds Info: \pdf@ifprimitive is available.
Package pdftexcmds Info: \pdfdraftmode found.
)
(/usr/local/texlive/2017/texmf-dist/tex/latex/oberdiek/auxhook.sty
Package: auxhook 2016/05/16 v1.4 Hooks for auxiliary files (HO)
)
Package zref Info: New property list: main on input line 759.
Package zref Info: New property: default on input line 760.
Package zref Info: New property: page on input line 761.
)
(/usr/local/texlive/2017/texmf-dist/tex/generic/oberdiek/atbegshi.sty
Package: atbegshi 2016/06/09 v1.18 At begin shipout hook (HO)
)
\c@abspage=\count149
Package zref Info: New property: abspage on input line 62.
)
(/usr/local/texlive/2017/texmf-dist/tex/latex/needspace/needspace.sty
Package: needspace 2010/09/12 v1.3d reserve vertical space
)
(/usr/local/texlive/2017/texmf-dist/tex/latex/graphics/color.sty
Package: color 2016/07/10 v1.1e Standard LaTeX Color (DPC)

(/usr/local/texlive/2017/texmf-dist/tex/latex/graphics-cfg/color.cfg
File: color.cfg 2016/01/02 v1.6 sample color configuration
)
Package color Info: Driver file: pdftex.def on input line 147.
)
\mdf@templength=\skip70
\c@mdf@globalstyle@cnt=\count150
\mdf@skipabove@length=\skip71
\mdf@skipbelow@length=\skip72
\mdf@leftmargin@length=\skip73
\mdf@rightmargin@length=\skip74
\mdf@innerleftmargin@length=\skip75
\mdf@innerrightmargin@length=\skip76
\mdf@innertopmargin@length=\skip77
\mdf@innerbottommargin@length=\skip78
\mdf@splittopskip@length=\skip79
\mdf@splitbottomskip@length=\skip80
\mdf@outermargin@length=\skip81
\mdf@innermargin@length=\skip82
\mdf@linewidth@length=\skip83
\mdf@innerlinewidth@length=\skip84
\mdf@middlelinewidth@length=\skip85
\mdf@outerlinewidth@length=\skip86
\mdf@roundcorner@length=\skip87
\mdf@footenotedistance@length=\skip88
\mdf@userdefinedwidth@length=\skip89
\mdf@needspace@length=\skip90
\mdf@frametitleaboveskip@length=\skip91
\mdf@frametitlebelowskip@length=\skip92
\mdf@frametitlerulewidth@length=\skip93
\mdf@frametitleleftmargin@length=\skip94
\mdf@frametitlerightmargin@length=\skip95
\mdf@shadowsize@length=\skip96
\mdf@extratopheight@length=\skip97
\mdf@subtitleabovelinewidth@length=\skip98
\mdf@subtitlebelowlinewidth@length=\skip99
\mdf@subtitleaboveskip@length=\skip100
\mdf@subtitlebelowskip@length=\skip101
\mdf@subtitleinneraboveskip@length=\skip102
\mdf@subtitleinnerbelowskip@length=\skip103
\mdf@subsubtitleabovelinewidth@length=\skip104
\mdf@subsubtitlebelowlinewidth@length=\skip105
\mdf@subsubtitleaboveskip@length=\skip106
\mdf@subsubtitlebelowskip@length=\skip107
\mdf@subsubtitleinneraboveskip@length=\skip108
\mdf@subsubtitleinnerbelowskip@length=\skip109

(/usr/local/texlive/2017/texmf-dist/tex/latex/mdframed/md-frame-0.mdf
File: md-frame-0.mdf 2013/07/01\ 1.9b: md-frame-0
)
\mdf@frametitlebox=\box52
\mdf@footnotebox=\box53
\mdf@splitbox@one=\box54
\mdf@splitbox@two=\box55
\mdf@splitbox@save=\box56
\mdfsplitboxwidth=\skip110
\mdfsplitboxtotalwidth=\skip111
\mdfsplitboxheight=\skip112
\mdfsplitboxdepth=\skip113
\mdfsplitboxtotalheight=\skip114
\mdfframetitleboxwidth=\skip115
\mdfframetitleboxtotalwidth=\skip116
\mdfframetitleboxheight=\skip117
\mdfframetitleboxdepth=\skip118
\mdfframetitleboxtotalheight=\skip119
\mdffootnoteboxwidth=\skip120
\mdffootnoteboxtotalwidth=\skip121
\mdffootnoteboxheight=\skip122
\mdffootnoteboxdepth=\skip123
\mdffootnoteboxtotalheight=\skip124
\mdftotallinewidth=\skip125
\mdfboundingboxwidth=\skip126
\mdfboundingboxtotalwidth=\skip127
\mdfboundingboxheight=\skip128
\mdfboundingboxdepth=\skip129
\mdfboundingboxtotalheight=\skip130
\mdf@freevspace@length=\skip131
\mdf@horizontalwidthofbox@length=\skip132
\mdf@verticalmarginwhole@length=\skip133
\mdf@horizontalspaceofbox=\skip134
\mdfsubtitleheight=\skip135
\mdfsubsubtitleheight=\skip136
\c@mdfcountframes=\count151

****** mdframed patching \endmdf@trivlist

****** -- success******

.................................................
. LaTeX info: "xparse/define-command"
. 
. Defining command \newmdtheoremenv with sig. 'O{} m o m o ' on line 601.
.................................................
.................................................
. LaTeX info: "xparse/define-command"
. 
. Defining command \mdtheorem with sig. ' O{} m o m o ' on line 701.
.................................................
\mdf@envdepth=\count152
\c@mdf@env@i=\count153
\c@mdf@env@ii=\count154
\c@mdf@zref@counter=\count155
Package zref Info: New property: mdf@pagevalue on input line 895.
)
(./RPE.aux)
\openout1 = `RPE.aux'.

LaTeX Font Info:    Checking defaults for OML/cmm/m/it on input line 17.
LaTeX Font Info:    ... okay on input line 17.
LaTeX Font Info:    Checking defaults for T1/cmr/m/n on input line 17.
LaTeX Font Info:    ... okay on input line 17.
LaTeX Font Info:    Checking defaults for OT1/cmr/m/n on input line 17.
LaTeX Font Info:    ... okay on input line 17.
LaTeX Font Info:    Checking defaults for OMS/cmsy/m/n on input line 17.
LaTeX Font Info:    ... okay on input line 17.
LaTeX Font Info:    Checking defaults for OMX/cmex/m/n on input line 17.
LaTeX Font Info:    ... okay on input line 17.
LaTeX Font Info:    Checking defaults for U/cmr/m/n on input line 17.
LaTeX Font Info:    ... okay on input line 17.

*geometry* driver: auto-detecting
*geometry* detected driver: pdftex
*geometry* verbose mode - [ preamble ] result:
* driver: pdftex
* paper: <default>
* layout: <same size as paper>
* layoutoffset:(h,v)=(0.0pt,0.0pt)
* modes: 
* h-part:(L,W,R)=(92.14519pt, 430.00462pt, 92.14519pt)
* v-part:(T,H,B)=(95.39737pt, 556.47656pt, 143.09605pt)
* \paperwidth=614.295pt
* \paperheight=794.96999pt
* \textwidth=430.00462pt
* \textheight=556.47656pt
* \oddsidemargin=19.8752pt
* \evensidemargin=19.8752pt
* \topmargin=-13.87262pt
* \headheight=12.0pt
* \headsep=25.0pt
* \topskip=11.0pt
* \footskip=30.0pt
* \marginparwidth=59.0pt
* \marginparsep=10.0pt
* \columnsep=10.0pt
* \skip\footins=10.0pt plus 4.0pt minus 2.0pt
* \hoffset=0.0pt
* \voffset=0.0pt
* \mag=1000
* \@twocolumnfalse
* \@twosidefalse
* \@mparswitchfalse
* \@reversemarginfalse
* (1in=72.27pt=25.4mm, 1cm=28.453pt)

(/usr/local/texlive/2017/texmf-dist/tex/context/base/mkii/supp-pdf.mkii
[Loading MPS to PDF converter (version 2006.09.02).]
\scratchcounter=\count156
\scratchdimen=\dimen159
\scratchbox=\box57
\nofMPsegments=\count157
\nofMParguments=\count158
\everyMPshowfont=\toks21
\MPscratchCnt=\count159
\MPscratchDim=\dimen160
\MPnumerator=\count160
\makeMPintoPDFobject=\count161
\everyMPtoPDFconversion=\toks22
) (/usr/local/texlive/2017/texmf-dist/tex/latex/oberdiek/epstopdf-base.sty
Package: epstopdf-base 2016/05/15 v2.6 Base part for package epstopdf

(/usr/local/texlive/2017/texmf-dist/tex/latex/oberdiek/grfext.sty
Package: grfext 2016/05/16 v1.2 Manage graphics extensions (HO)
)
Package epstopdf-base Info: Redefining graphics rule for `.eps' on input line 4
38.
Package grfext Info: Graphics extension search list:
(grfext)             [.png,.pdf,.jpg,.mps,.jpeg,.jbig2,.jb2,.PNG,.PDF,.JPG,.JPE
G,.JBIG2,.JB2,.eps]
(grfext)             \AppendGraphicsExtensions on input line 456.

(/usr/local/texlive/2017/texmf-dist/tex/latex/latexconfig/epstopdf-sys.cfg
File: epstopdf-sys.cfg 2010/07/13 v1.3 Configuration of (r)epstopdf for TeX Liv
e
))
\AtBeginShipoutBox=\box58

[1

{/usr/local/texlive/2017/texmf-var/fonts/map/pdftex/updmap/pdftex.map}]
<pgm.png, id=10, 543.02875pt x 181.67876pt>
File: pgm.png Graphic file (type png)
 <use pgm.png>
Package pdftex.def Info: pgm.png used on input line 37.
(pdftex.def)             Requested size: 256.08527pt x 85.35852pt.

<factor_graph.jpg, id=12, 144.54pt x 91.542pt>
File: factor_graph.jpg Graphic file (type jpg)
 <use factor_graph.jpg>
Package pdftex.def Info: factor_graph.jpg used on input line 58.
(pdftex.def)             Requested size: 170.72551pt x 99.58743pt.
 [2 <./pgm.png>] [3 <./factor_graph.jpg>] <bp.jpg, id=27, 1198.4775pt x 648.422
5pt>
File: bp.jpg Graphic file (type jpg)

<use bp.jpg>
Package pdftex.def Info: bp.jpg used on input line 89.
(pdftex.def)             Requested size: 227.62166pt x 113.81203pt.
 [4 <./bp.jpg>] [5] [6]
<mln.jpg, id=42, 1404.24625pt x 589.20125pt>
File: mln.jpg Graphic file (type jpg)
 <use mln.jpg>
Package pdftex.def Info: mln.jpg used on input line 180.
(pdftex.def)             Requested size: 227.61949pt x 99.57849pt.
 [7 <./mln.jpg>]
[8] [9] [10] [11] <dnn.jpeg, id=62, 793.96625pt x 389.455pt>
File: dnn.jpeg Graphic file (type jpg)
 <use dnn.jpeg>
Package pdftex.def Info: dnn.jpeg used on input line 319.
(pdftex.def)             Requested size: 227.61537pt x 113.80667pt.

[12 <./dnn.jpeg>]
Overfull \vbox (129.18962pt too high) detected at line 362
 []

Package mdframed Info: Box was splittet wrong
 starting loop to iterate the splitting point
(mdframed)              on input line 362.

Overfull \vbox (130.18962pt too high) detected at line 362
 []


Overfull \vbox (131.18962pt too high) detected at line 362
 []


Overfull \vbox (132.18962pt too high) detected at line 362
 []


Overfull \vbox (133.18962pt too high) detected at line 362
 []


Overfull \vbox (134.18962pt too high) detected at line 362
 []


Overfull \vbox (135.18962pt too high) detected at line 362
 []


Overfull \vbox (136.18962pt too high) detected at line 362
 []


Overfull \vbox (137.18962pt too high) detected at line 362
 []


Overfull \vbox (138.18962pt too high) detected at line 362
 []


Overfull \vbox (139.18962pt too high) detected at line 362
 []


Overfull \vbox (140.18962pt too high) detected at line 362
 []


Overfull \vbox (141.18962pt too high) detected at line 362
 []


Overfull \vbox (142.18962pt too high) detected at line 362
 []


Overfull \vbox (143.18962pt too high) detected at line 362
 []


Overfull \vbox (144.18962pt too high) detected at line 362
 []


Overfull \vbox (145.18962pt too high) detected at line 362
 []


Overfull \vbox (146.18962pt too high) detected at line 362
 []


Overfull \vbox (147.18962pt too high) detected at line 362
 []


Overfull \vbox (148.18962pt too high) detected at line 362
 []


Overfull \vbox (149.18962pt too high) detected at line 362
 []


Overfull \vbox (150.18962pt too high) detected at line 362
 []


Overfull \vbox (151.18962pt too high) detected at line 362
 []


Overfull \vbox (152.18962pt too high) detected at line 362
 []


Overfull \vbox (153.18962pt too high) detected at line 362
 []


Overfull \vbox (154.18962pt too high) detected at line 362
 []


Overfull \vbox (155.18962pt too high) detected at line 362
 []


Overfull \vbox (156.18962pt too high) detected at line 362
 []


Overfull \vbox (157.18962pt too high) detected at line 362
 []


Overfull \vbox (158.18962pt too high) detected at line 362
 []


Overfull \vbox (159.18962pt too high) detected at line 362
 []


Overfull \vbox (160.18962pt too high) detected at line 362
 []


Overfull \vbox (161.18962pt too high) detected at line 362
 []


Overfull \vbox (162.18962pt too high) detected at line 362
 []


Overfull \vbox (163.18962pt too high) detected at line 362
 []


Overfull \vbox (164.18962pt too high) detected at line 362
 []


Overfull \vbox (165.18962pt too high) detected at line 362
 []


Overfull \vbox (166.18962pt too high) detected at line 362
 []


Overfull \vbox (167.18962pt too high) detected at line 362
 []


Overfull \vbox (168.18962pt too high) detected at line 362
 []


Overfull \vbox (169.18962pt too high) detected at line 362
 []


Overfull \vbox (170.18962pt too high) detected at line 362
 []


Overfull \vbox (171.18962pt too high) detected at line 362
 []


Overfull \vbox (172.18962pt too high) detected at line 362
 []


Overfull \vbox (173.18962pt too high) detected at line 362
 []


Overfull \vbox (174.18962pt too high) detected at line 362
 []


Overfull \vbox (175.18962pt too high) detected at line 362
 []


Overfull \vbox (176.18962pt too high) detected at line 362
 []


Overfull \vbox (177.18962pt too high) detected at line 362
 []


Overfull \vbox (178.18962pt too high) detected at line 362
 []


Overfull \vbox (179.18962pt too high) detected at line 362
 []


Overfull \vbox (180.18962pt too high) detected at line 362
 []


Overfull \vbox (181.18962pt too high) detected at line 362
 []


Overfull \vbox (182.18962pt too high) detected at line 362
 []


Overfull \vbox (183.18962pt too high) detected at line 362
 []


Overfull \vbox (184.18962pt too high) detected at line 362
 []


Overfull \vbox (185.18962pt too high) detected at line 362
 []


Overfull \vbox (186.18962pt too high) detected at line 362
 []


Overfull \vbox (187.18962pt too high) detected at line 362
 []


Overfull \vbox (188.18962pt too high) detected at line 362
 []


Overfull \vbox (189.18962pt too high) detected at line 362
 []


Overfull \vbox (190.18962pt too high) detected at line 362
 []


Overfull \vbox (191.18962pt too high) detected at line 362
 []


Overfull \vbox (192.18962pt too high) detected at line 362
 []


Overfull \vbox (193.18962pt too high) detected at line 362
 []


Overfull \vbox (194.18962pt too high) detected at line 362
 []


Overfull \vbox (195.18962pt too high) detected at line 362
 []


Overfull \vbox (196.18962pt too high) detected at line 362
 []


Overfull \vbox (197.18962pt too high) detected at line 362
 []


Overfull \vbox (198.18962pt too high) detected at line 362
 []


Overfull \vbox (199.18962pt too high) detected at line 362
 []


Overfull \vbox (200.18962pt too high) detected at line 362
 []


Overfull \vbox (201.18962pt too high) detected at line 362
 []


Overfull \vbox (202.18962pt too high) detected at line 362
 []


Overfull \vbox (203.18962pt too high) detected at line 362
 []


Overfull \vbox (204.18962pt too high) detected at line 362
 []


Overfull \vbox (205.18962pt too high) detected at line 362
 []


Overfull \vbox (206.18962pt too high) detected at line 362
 []


Overfull \vbox (207.18962pt too high) detected at line 362
 []


Overfull \vbox (208.18962pt too high) detected at line 362
 []


Overfull \vbox (209.18962pt too high) detected at line 362
 []


Overfull \vbox (210.18962pt too high) detected at line 362
 []


Overfull \vbox (211.18962pt too high) detected at line 362
 []


Overfull \vbox (212.18962pt too high) detected at line 362
 []


Overfull \vbox (213.18962pt too high) detected at line 362
 []


Overfull \vbox (214.18962pt too high) detected at line 362
 []


Overfull \vbox (215.18962pt too high) detected at line 362
 []


Overfull \vbox (216.18962pt too high) detected at line 362
 []


Overfull \vbox (217.18962pt too high) detected at line 362
 []


Overfull \vbox (218.18962pt too high) detected at line 362
 []


Overfull \vbox (219.18962pt too high) detected at line 362
 []


Overfull \vbox (220.18962pt too high) detected at line 362
 []


Overfull \vbox (221.18962pt too high) detected at line 362
 []


Overfull \vbox (222.18962pt too high) detected at line 362
 []


Overfull \vbox (223.18962pt too high) detected at line 362
 []


Overfull \vbox (224.18962pt too high) detected at line 362
 []


Overfull \vbox (225.18962pt too high) detected at line 362
 []


Overfull \vbox (226.18962pt too high) detected at line 362
 []


Overfull \vbox (227.18962pt too high) detected at line 362
 []


Overfull \vbox (228.18962pt too high) detected at line 362
 []


Overfull \vbox (229.18962pt too high) detected at line 362
 []


Overfull \vbox (230.18962pt too high) detected at line 362
 []


Package mdframed Warning: correct box splittet fails
 It seems you are using a non splittable contents
(mdframed)                 on input line 362.

Package mdframed Info: You first box width is to small
 mdframed fixed it
(mdframed)              on input line 362.
[13] [14] <autoencoder.png, id=74, 300.12125pt x 168.63pt>
File: autoencoder.png Graphic file (type png)

<use autoencoder.png>
Package pdftex.def Info: autoencoder.png used on input line 375.
(pdftex.def)             Requested size: 199.17513pt x 113.8126pt.
 [15 <./autoencoder.png>]
<teacher_dnn.jpg, id=79, 1300.86pt x 524.96124pt>
File: teacher_dnn.jpg Graphic file (type jpg)
 <use teacher_dnn.jpg>
Package pdftex.def Info: teacher_dnn.jpg used on input line 404.
(pdftex.def)             Requested size: 341.43124pt x 142.26208pt.

[16] [17 <./teacher_dnn.jpg>] [18] [19]
<cnn.jpg, id=93, 1190.4475pt x 716.6775pt>
File: cnn.jpg Graphic file (type jpg)
 <use cnn.jpg>
Package pdftex.def Info: cnn.jpg used on input line 490.
(pdftex.def)             Requested size: 376.99107pt x 192.05107pt.
 [20 <./cnn.jpg>]
[21] <tensorlog.jpg, id=100, 1300.86pt x 496.85625pt>
File: tensorlog.jpg Graphic file (type jpg)
 <use tensorlog.jpg>
Package pdftex.def Info: tensorlog.jpg used on input line 574.
(pdftex.def)             Requested size: 341.43124pt x 142.26508pt.

[22] [23 <./tensorlog.jpg>] [24] [25] [26] (./RPE.bbl [27]
Missing character: There is no â in font cmti10!
Missing character: There is no € in font cmti10!
Missing character: There is no ™ in font cmti10!
) [28] (./RPE.aux) )
(\end occurred inside a group at level 1)

### simple group (level 1) entered at line 1061 ({)
### bottom level 
Here is how much of TeX's memory you used:
 12231 strings out of 492995
 224625 string characters out of 6132704
 302689 words of memory out of 5000000
 15670 multiletter control sequences out of 15000+600000
 15076 words of font info for 52 fonts, out of 8000000 for 9000
 1141 hyphenation exceptions out of 8191
 39i,20n,28p,10392b,5707s stack positions out of 5000i,500n,10000p,200000b,80000s
</usr/local/texlive/2017/texmf-dist/fonts/type1/public/amsfonts
/cm/cmbx10.pfb></usr/local/texlive/2017/texmf-dist/fonts/type1/public/amsfonts/
cm/cmbx12.pfb></usr/local/texlive/2017/texmf-dist/fonts/type1/public/amsfonts/c
m/cmbx8.pfb></usr/local/texlive/2017/texmf-dist/fonts/type1/public/amsfonts/cm/
cmbxti10.pfb></usr/local/texlive/2017/texmf-dist/fonts/type1/public/amsfonts/cm
/cmex10.pfb></usr/local/texlive/2017/texmf-dist/fonts/type1/public/amsfonts/cm/
cmmi10.pfb></usr/local/texlive/2017/texmf-dist/fonts/type1/public/amsfonts/cm/c
mmi6.pfb></usr/local/texlive/2017/texmf-dist/fonts/type1/public/amsfonts/cm/cmm
i8.pfb></usr/local/texlive/2017/texmf-dist/fonts/type1/public/amsfonts/cm/cmmib
10.pfb></usr/local/texlive/2017/texmf-dist/fonts/type1/public/amsfonts/cmextra/
cmmib8.pfb></usr/local/texlive/2017/texmf-dist/fonts/type1/public/amsfonts/cm/c
mr10.pfb></usr/local/texlive/2017/texmf-dist/fonts/type1/public/amsfonts/cm/cmr
12.pfb></usr/local/texlive/2017/texmf-dist/fonts/type1/public/amsfonts/cm/cmr17
.pfb></usr/local/texlive/2017/texmf-dist/fonts/type1/public/amsfonts/cm/cmr6.pf
b></usr/local/texlive/2017/texmf-dist/fonts/type1/public/amsfonts/cm/cmr8.pfb><
/usr/local/texlive/2017/texmf-dist/fonts/type1/public/amsfonts/cm/cmsy10.pfb></
usr/local/texlive/2017/texmf-dist/fonts/type1/public/amsfonts/cm/cmsy6.pfb></us
r/local/texlive/2017/texmf-dist/fonts/type1/public/amsfonts/cm/cmsy8.pfb></usr/
local/texlive/2017/texmf-dist/fonts/type1/public/amsfonts/cm/cmti10.pfb></usr/l
ocal/texlive/2017/texmf-dist/fonts/type1/public/amsfonts/cm/cmtt10.pfb>
Output written on RPE.pdf (28 pages, 796194 bytes).
PDF statistics:
 187 PDF objects out of 1000 (max. 8388607)
 124 compressed objects within 2 object streams
 0 named destinations out of 1000 (max. 500000)
 46 words of extra memory for PDF output out of 10000 (max. 10000000)

